<?xml version="1.0" encoding="UTF-8"?>
<!-- Generated by org.testng.reporters.JUnitXMLReporter -->
<testsuite hostname="AshokMaddineni" ignored="8" name="Default test(failed)" tests="2" failures="2" timestamp="03 Jun 2020 10:18:45 GMT" time="23.104" errors="0">
  <testcase name="NewTab" time="1.052" classname="testautomation.Assessment">
    <failure type="java.lang.IndexOutOfBoundsException" message="Index: 1, Size: 1">
      <![CDATA[java.lang.IndexOutOfBoundsException: Index: 1, Size: 1
at java.util.ArrayList.rangeCheck(ArrayList.java:653)
at java.util.ArrayList.get(ArrayList.java:429)
at testautomation.Assessment.NewTab(Assessment.java:43)
... Removed 25 stack frames]]>
    </failure>
  </testcase> <!-- NewTab -->
  <testcase name="DropDown" time="0.038" classname="testautomation.Assessment">
    <failure type="java.lang.IndexOutOfBoundsException" message="Index: 2, Size: 1">
      <![CDATA[java.lang.IndexOutOfBoundsException: Index: 2, Size: 1
at java.util.ArrayList.rangeCheck(ArrayList.java:653)
at java.util.ArrayList.get(ArrayList.java:429)
at testautomation.Assessment.DropDown(Assessment.java:93)
... Removed 25 stack frames]]>
    </failure>
  </testcase> <!-- DropDown -->
  <testcase name="CheckBox" time="0.0" classname="testautomation.Assessment">
    <ignored/>
  </testcase> <!-- CheckBox -->
  <testcase name="Submit" time="0.0" classname="testautomation.Assessment">
    <ignored/>
  </testcase> <!-- Submit -->
  <testcase name="GenerateAlertBox" time="0.0" classname="testautomation.Assessment">
    <ignored/>
  </testcase> <!-- GenerateAlertBox -->
  <testcase name="DragandDrop" time="0.0" classname="testautomation.Assessment">
    <ignored/>
  </testcase> <!-- DragandDrop -->
  <testcase name="GenerateConfirmBox" time="0.0" classname="testautomation.Assessment">
    <ignored/>
  </testcase> <!-- GenerateConfirmBox -->
  <testcase name="AlertBox" time="0.0" classname="testautomation.Assessment">
    <ignored/>
  </testcase> <!-- AlertBox -->
  <testcase name="SampleText" time="0.0" classname="testautomation.Assessment">
    <ignored/>
  </testcase> <!-- SampleText -->
  <testcase name="RadioButton" time="0.0" classname="testautomation.Assessment">
    <ignored/>
  </testcase> <!-- RadioButton -->
</testsuite> <!-- Default test(failed) -->
