<?xml version="1.0" encoding="UTF-8"?>
<testng-results skipped="0" failed="0" ignored="0" total="1" passed="1">
  <reporter-output>
  </reporter-output>
  <suite name="Suite" duration-ms="20932" started-at="2020-06-17T06:35:57Z" finished-at="2020-06-17T06:36:18Z">
    <groups>
    </groups>
    <test name="JenkinsRun" duration-ms="20932" started-at="2020-06-17T06:35:57Z" finished-at="2020-06-17T06:36:18Z">
      <class name="testautomation.AutomationTest">
        <test-method status="PASS" signature="Gmail()[pri:0, instance:testautomation.AutomationTest@17d0685f]" name="Gmail" duration-ms="20893" started-at="2020-06-17T06:35:57Z" finished-at="2020-06-17T06:36:18Z">
          <reporter-output>
          </reporter-output>
        </test-method> <!-- Gmail -->
      </class> <!-- testautomation.AutomationTest -->
    </test> <!-- JenkinsRun -->
  </suite> <!-- Suite -->
</testng-results>
